<?xml version="1.0" encoding="UTF-8"?>
<!-- Generated by org.testng.reporters.JUnitReportReporter -->
<testsuite skipped="0" hostname="LAPTOP-P1MRFUO5" name="StreamFilter" tests="2" failures="0" timestamp="2020-12-02T18:55:29 IST" time="0.010" errors="0">
  <testcase name="arrayList" time="0.007" classname="StreamFilter"/>
  <system-out/>
  <testcase name="filter" time="0.003" classname="StreamFilter"/>
  <system-out/>
</testsuite> <!-- StreamFilter -->
